<?xml version="1.0" encoding="UTF-8"?>
<!-- Generated by org.testng.reporters.JUnitReportReporter -->
<testsuite skipped="0" hostname="DESKTOP-DN0EQG3" name="com.restassured.GetDemo" tests="1" failures="0" timestamp="25 Dec 2021 06:59:48 GMT" time="8.176" errors="0">
  <testcase name="apiPost" time="8.176" classname="com.restassured.GetDemo"/>
</testsuite> <!-- com.restassured.GetDemo -->
