<?xml version="1.0" encoding="UTF-8"?>
<!-- Generated by org.testng.reporters.JUnitReportReporter -->
<testsuite skipped="0" hostname="DESKTOP-DN0EQG3" name="com.restassured.PostDemo" tests="4" failures="0" timestamp="30 Nov 2021 15:09:05 GMT" time="13.049" errors="0">
  <testcase name="t4Delete" time="0.694" classname="com.restassured.PostDemo"/>
  <testcase name="t1Post" time="10.750" classname="com.restassured.PostDemo"/>
  <testcase name="t3Patch" time="0.694" classname="com.restassured.PostDemo"/>
  <testcase name="t2Put" time="0.911" classname="com.restassured.PostDemo"/>
</testsuite> <!-- com.restassured.PostDemo -->
