<?xml version="1.0" encoding="UTF-8"?>
<!-- Generated by org.testng.reporters.JUnitReportReporter -->
<testsuite skipped="0" hostname="DESKTOP-DN0EQG3" name="com.restassured.practice" tests="1" failures="0" timestamp="15 Dec 2021 15:21:16 GMT" time="13.048" errors="0">
  <testcase name="practicee" time="13.048" classname="com.restassured.practice"/>
</testsuite> <!-- com.restassured.practice -->
