<?xml version="1.0" encoding="UTF-8"?>
<!-- Generated by org.testng.reporters.JUnitReportReporter -->
<testsuite skipped="0" hostname="DESKTOP-DN0EQG3" name="com.restassured.GetDemo" tests="1" failures="0" timestamp="25 Dec 2021 06:28:30 GMT" time="15.410" errors="0">
  <testcase name="apiTest" time="15.410" classname="com.restassured.GetDemo"/>
</testsuite> <!-- com.restassured.GetDemo -->
